
> chromatic_playground@1.0.0 build-storybook
> storybook build --output-dir /var/folders/hj/wsrq4wms0d7328zjmp6lxjk40000gp/T/chromatic--82685-7oPrtBUvuHJa

@storybook/cli v8.1.1

info => Cleaning outputDir: ../../../../var/folders/hj/wsrq4wms0d7328zjmp6lxjk40000gp/T/chromatic--82685-7oPrtBUvuHJa
info => Loading presets
info => Building manager..
info => Manager built (144 ms)
info => Building preview..
vite v5.2.11 building for production...
transforming...
✓ 578 modules transformed.
rendering chunks...
computing gzip size...
../../../../var/folders/hj/wsrq4wms0d7328zjmp6lxjk40000gp/T/chromatic--82685-7oPrtBUvuHJa/assets/context-C0qIqeS4.png                      6.12 kB
../../../../var/folders/hj/wsrq4wms0d7328zjmp6lxjk40000gp/T/chromatic--82685-7oPrtBUvuHJa/assets/styling-Bk6zjRzU.png                      7.24 kB
../../../../var/folders/hj/wsrq4wms0d7328zjmp6lxjk40000gp/T/chromatic--82685-7oPrtBUvuHJa/iframe.html                                     16.08 kB │ gzip:   4.42 kB
../../../../var/folders/hj/wsrq4wms0d7328zjmp6lxjk40000gp/T/chromatic--82685-7oPrtBUvuHJa/assets/docs---vsFbMi.png                        27.88 kB
../../../../var/folders/hj/wsrq4wms0d7328zjmp6lxjk40000gp/T/chromatic--82685-7oPrtBUvuHJa/assets/share-DGA-UcQf.png                       40.77 kB
../../../../var/folders/hj/wsrq4wms0d7328zjmp6lxjk40000gp/T/chromatic--82685-7oPrtBUvuHJa/assets/accessibility-W_h2acOZ.png               42.34 kB
../../../../var/folders/hj/wsrq4wms0d7328zjmp6lxjk40000gp/T/chromatic--82685-7oPrtBUvuHJa/assets/figma-plugin-CH2hELiO.png                44.25 kB
../../../../var/folders/hj/wsrq4wms0d7328zjmp6lxjk40000gp/T/chromatic--82685-7oPrtBUvuHJa/assets/theming-D6WJLNoW.png                     44.37 kB
../../../../var/folders/hj/wsrq4wms0d7328zjmp6lxjk40000gp/T/chromatic--82685-7oPrtBUvuHJa/assets/testing-cbzR9l9r.png                     49.31 kB
../../../../var/folders/hj/wsrq4wms0d7328zjmp6lxjk40000gp/T/chromatic--82685-7oPrtBUvuHJa/assets/addon-library-BWUCAmyN.png              467.37 kB
../../../../var/folders/hj/wsrq4wms0d7328zjmp6lxjk40000gp/T/chromatic--82685-7oPrtBUvuHJa/assets/Header-BjLH3naM.css                       0.51 kB │ gzip:   0.30 kB
../../../../var/folders/hj/wsrq4wms0d7328zjmp6lxjk40000gp/T/chromatic--82685-7oPrtBUvuHJa/assets/Button-KC-i8w-N.css                       0.54 kB │ gzip:   0.29 kB
../../../../var/folders/hj/wsrq4wms0d7328zjmp6lxjk40000gp/T/chromatic--82685-7oPrtBUvuHJa/assets/Page-B9ntr4df.css                         0.93 kB │ gzip:   0.40 kB
../../../../var/folders/hj/wsrq4wms0d7328zjmp6lxjk40000gp/T/chromatic--82685-7oPrtBUvuHJa/assets/preview-B4GcaC1c.js                       0.07 kB │ gzip:   0.08 kB
../../../../var/folders/hj/wsrq4wms0d7328zjmp6lxjk40000gp/T/chromatic--82685-7oPrtBUvuHJa/assets/preview-CIRcjyVj.js                       0.11 kB │ gzip:   0.11 kB
../../../../var/folders/hj/wsrq4wms0d7328zjmp6lxjk40000gp/T/chromatic--82685-7oPrtBUvuHJa/assets/preview-FX_UK0w-.js                       0.16 kB │ gzip:   0.16 kB
../../../../var/folders/hj/wsrq4wms0d7328zjmp6lxjk40000gp/T/chromatic--82685-7oPrtBUvuHJa/assets/index-788w5O3m.js                         0.26 kB │ gzip:   0.18 kB
../../../../var/folders/hj/wsrq4wms0d7328zjmp6lxjk40000gp/T/chromatic--82685-7oPrtBUvuHJa/assets/WithTooltip-KJL26V4Q-zKKc8HNV.js          0.27 kB │ gzip:   0.18 kB
../../../../var/folders/hj/wsrq4wms0d7328zjmp6lxjk40000gp/T/chromatic--82685-7oPrtBUvuHJa/assets/syntaxhighlighter-BP7B2CQK-BcBut_TA.js    0.31 kB │ gzip:   0.22 kB
../../../../var/folders/hj/wsrq4wms0d7328zjmp6lxjk40000gp/T/chromatic--82685-7oPrtBUvuHJa/assets/index-DS120m8j.js                         0.39 kB │ gzip:   0.26 kB
../../../../var/folders/hj/wsrq4wms0d7328zjmp6lxjk40000gp/T/chromatic--82685-7oPrtBUvuHJa/assets/preview-TCN6m6T-.js                       0.64 kB │ gzip:   0.44 kB
../../../../var/folders/hj/wsrq4wms0d7328zjmp6lxjk40000gp/T/chromatic--82685-7oPrtBUvuHJa/assets/preview-BpcF_O6y.js                       0.71 kB │ gzip:   0.50 kB
../../../../var/folders/hj/wsrq4wms0d7328zjmp6lxjk40000gp/T/chromatic--82685-7oPrtBUvuHJa/assets/index-DrFu-skq.js                         0.77 kB │ gzip:   0.47 kB
../../../../var/folders/hj/wsrq4wms0d7328zjmp6lxjk40000gp/T/chromatic--82685-7oPrtBUvuHJa/assets/preview-B7MsWX2E.js                       0.77 kB │ gzip:   0.50 kB
../../../../var/folders/hj/wsrq4wms0d7328zjmp6lxjk40000gp/T/chromatic--82685-7oPrtBUvuHJa/assets/Header.stories-DZWHbItX.js                0.83 kB │ gzip:   0.44 kB
../../../../var/folders/hj/wsrq4wms0d7328zjmp6lxjk40000gp/T/chromatic--82685-7oPrtBUvuHJa/assets/entry-preview-docs-cjEZ2PmE.js            0.85 kB │ gzip:   0.52 kB
../../../../var/folders/hj/wsrq4wms0d7328zjmp6lxjk40000gp/T/chromatic--82685-7oPrtBUvuHJa/assets/Header-DHMIZHNx.js                        1.16 kB │ gzip:   0.64 kB
../../../../var/folders/hj/wsrq4wms0d7328zjmp6lxjk40000gp/T/chromatic--82685-7oPrtBUvuHJa/assets/entry-preview-D5Ui7gv5.js                 1.23 kB │ gzip:   0.74 kB
../../../../var/folders/hj/wsrq4wms0d7328zjmp6lxjk40000gp/T/chromatic--82685-7oPrtBUvuHJa/assets/Button.stories-DvB0tktm.js                1.59 kB │ gzip:   0.60 kB
../../../../var/folders/hj/wsrq4wms0d7328zjmp6lxjk40000gp/T/chromatic--82685-7oPrtBUvuHJa/assets/DocsRenderer-K4EAMTCU-CKg4Nudk.js         1.72 kB │ gzip:   0.86 kB
../../../../var/folders/hj/wsrq4wms0d7328zjmp6lxjk40000gp/T/chromatic--82685-7oPrtBUvuHJa/assets/index-DXimoRZY.js                         2.58 kB │ gzip:   1.26 kB
../../../../var/folders/hj/wsrq4wms0d7328zjmp6lxjk40000gp/T/chromatic--82685-7oPrtBUvuHJa/assets/preview-CwqMn10d.js                       3.19 kB │ gzip:   1.37 kB
../../../../var/folders/hj/wsrq4wms0d7328zjmp6lxjk40000gp/T/chromatic--82685-7oPrtBUvuHJa/assets/preview-UNaZQn6M.js                       3.49 kB │ gzip:   1.69 kB
../../../../var/folders/hj/wsrq4wms0d7328zjmp6lxjk40000gp/T/chromatic--82685-7oPrtBUvuHJa/assets/Page.stories-Cnx7E1-f.js                  3.73 kB │ gzip:   1.63 kB
../../../../var/folders/hj/wsrq4wms0d7328zjmp6lxjk40000gp/T/chromatic--82685-7oPrtBUvuHJa/assets/iframe-DsxAwymd.js                        4.37 kB │ gzip:   1.75 kB
../../../../var/folders/hj/wsrq4wms0d7328zjmp6lxjk40000gp/T/chromatic--82685-7oPrtBUvuHJa/assets/preview-BAz7FMXc.js                       7.62 kB │ gzip:   1.56 kB
../../../../var/folders/hj/wsrq4wms0d7328zjmp6lxjk40000gp/T/chromatic--82685-7oPrtBUvuHJa/assets/preview-Db4Idchh.js                       8.11 kB │ gzip:   3.09 kB
../../../../var/folders/hj/wsrq4wms0d7328zjmp6lxjk40000gp/T/chromatic--82685-7oPrtBUvuHJa/assets/Configure-CJLMTZs0.js                    26.56 kB │ gzip:  11.53 kB
../../../../var/folders/hj/wsrq4wms0d7328zjmp6lxjk40000gp/T/chromatic--82685-7oPrtBUvuHJa/assets/Color-PRSJMWNM-CFc_w2g9.js               31.03 kB │ gzip:  11.77 kB
../../../../var/folders/hj/wsrq4wms0d7328zjmp6lxjk40000gp/T/chromatic--82685-7oPrtBUvuHJa/assets/index-Bqoxw6Vv.js                        60.97 kB │ gzip:  21.23 kB
../../../../var/folders/hj/wsrq4wms0d7328zjmp6lxjk40000gp/T/chromatic--82685-7oPrtBUvuHJa/assets/index-B5rfWaSj.js                        64.23 kB │ gzip:  18.50 kB
../../../../var/folders/hj/wsrq4wms0d7328zjmp6lxjk40000gp/T/chromatic--82685-7oPrtBUvuHJa/assets/formatter-2WMMO6ZP-BpxHaH5l.js          210.59 kB │ gzip:  70.58 kB
../../../../var/folders/hj/wsrq4wms0d7328zjmp6lxjk40000gp/T/chromatic--82685-7oPrtBUvuHJa/assets/Button-Csne99cH.js                      524.02 kB │ gzip: 135.45 kB
../../../../var/folders/hj/wsrq4wms0d7328zjmp6lxjk40000gp/T/chromatic--82685-7oPrtBUvuHJa/assets/index-BA0QhVT4.js                       762.07 kB │ gzip: 235.06 kB
✓ built in 4.84s
info => Preview built (5.13 s)
info => Output directory: /var/folders/hj/wsrq4wms0d7328zjmp6lxjk40000gp/T/chromatic--82685-7oPrtBUvuHJa
